# JRE version: Java(TM) SE Runtime Environment (20.0.1+9) (build 20.0.1+9-29)
# Java VM: Java HotSpot(TM) 64-Bit Server VM (20.0.1+9-29, mixed mode, sharing, tiered, compressed oops, compressed class ptrs, g1 gc, windows-amd64)
GC Precious Log:
 CardTable entry size: 512
 Card Set container configuration: InlinePtr #cards 5 size 8 Array Of Cards #cards 12 size 40 Howl #buckets 4 coarsen threshold 1843 Howl Bitmap #cards 512 size 80 coarsen threshold 460 Card regions per heap region 1 cards per card region 2048
 CPUs: 4 total, 4 available
 Memory: 8030M
 Large Page Support: Disabled
 NUMA Support: Disabled
 Compressed Oops: Enabled (32-bit)
 Heap Region Size: 1M
 Heap Min Capacity: 8M
 Heap Initial Capacity: 126M
 Heap Max Capacity: 2008M
 Pre-touch: Disabled
 Parallel Workers: 4
 Concurrent Workers: 1
 Concurrent Refinement Workers: 4
 Periodic GC: Disabled
Heap:
 garbage-first heap   total 61440K, used 35052K [0x0000000082800000, 0x0000000100000000)
  region size 1024K, 7 young (7168K), 2 survivors (2048K)
 Metaspace       used 73405K, committed 74176K, reserved 1114112K
  class space    used 9659K, committed 9984K, reserved 1048576K
GC Heap History (20 events):
Event: 5.383 GC heap before
{Heap before GC invocations=10 (full 0):
 garbage-first heap   total 51200K, used 42819K [0x0000000082800000, 0x0000000100000000)
  region size 1024K, 23 young (23552K), 2 survivors (2048K)
 Metaspace       used 49373K, committed 49984K, reserved 1114112K
  class space    used 6370K, committed 6656K, reserved 1048576K
}
Event: 5.386 GC heap after
{Heap after GC invocations=11 (full 0):
 garbage-first heap   total 51200K, used 23260K [0x0000000082800000, 0x0000000100000000)
  region size 1024K, 2 young (2048K), 2 survivors (2048K)
 Metaspace       used 49373K, committed 49984K, reserved 1114112K
  class space    used 6370K, committed 6656K, reserved 1048576K
}
Event: 5.844 GC heap before
{Heap before GC invocations=11 (full 0):
 garbage-first heap   total 51200K, used 42716K [0x0000000082800000, 0x0000000100000000)
  region size 1024K, 22 young (22528K), 2 survivors (2048K)
 Metaspace       used 56367K, committed 56960K, reserved 1114112K
  class space    used 7418K, committed 7680K, reserved 1048576K
}
Event: 5.846 GC heap after
{Heap after GC invocations=12 (full 0):
 garbage-first heap   total 51200K, used 24402K [0x0000000082800000, 0x0000000100000000)
  region size 1024K, 3 young (3072K), 3 survivors (3072K)
 Metaspace       used 56367K, committed 56960K, reserved 1114112K
  class space    used 7418K, committed 7680K, reserved 1048576K
}
Event: 6.209 GC heap before
{Heap before GC invocations=12 (full 0):
 garbage-first heap   total 51200K, used 39762K [0x0000000082800000, 0x0000000100000000)
  region size 1024K, 19 young (19456K), 3 survivors (3072K)
 Metaspace       used 60802K, committed 61376K, reserved 1114112K
  class space    used 8100K, committed 8384K, reserved 1048576K
}
Event: 6.212 GC heap after
{Heap after GC invocations=13 (full 0):
 garbage-first heap   total 51200K, used 24994K [0x0000000082800000, 0x0000000100000000)
  region size 1024K, 2 young (2048K), 2 survivors (2048K)
 Metaspace       used 60802K, committed 61376K, reserved 1114112K
  class space    used 8100K, committed 8384K, reserved 1048576K
}
Event: 6.573 GC heap before
{Heap before GC invocations=14 (full 0):
 garbage-first heap   total 51200K, used 45474K [0x0000000082800000, 0x0000000100000000)
  region size 1024K, 22 young (22528K), 2 survivors (2048K)
 Metaspace       used 63230K, committed 63936K, reserved 1114112K
  class space    used 8454K, committed 8768K, reserved 1048576K
}
Event: 6.576 GC heap after
{Heap after GC invocations=15 (full 0):
 garbage-first heap   total 51200K, used 26631K [0x0000000082800000, 0x0000000100000000)
  region size 1024K, 3 young (3072K), 3 survivors (3072K)
 Metaspace       used 63230K, committed 63936K, reserved 1114112K
  class space    used 8454K, committed 8768K, reserved 1048576K
}
Event: 6.953 GC heap before
{Heap before GC invocations=15 (full 0):
 garbage-first heap   total 51200K, used 44039K [0x0000000082800000, 0x0000000100000000)
  region size 1024K, 20 young (20480K), 3 survivors (3072K)
 Metaspace       used 65663K, committed 66368K, reserved 1114112K
  class space    used 8776K, committed 9088K, reserved 1048576K
}
Event: 6.959 GC heap after
{Heap after GC invocations=16 (full 0):
 garbage-first heap   total 51200K, used 28003K [0x0000000082800000, 0x0000000100000000)
  region size 1024K, 2 young (2048K), 2 survivors (2048K)
 Metaspace       used 65663K, committed 66368K, reserved 1114112K
  class space    used 8776K, committed 9088K, reserved 1048576K
}
Event: 29.316 GC heap before
{Heap before GC invocations=16 (full 0):
 garbage-first heap   total 51200K, used 44387K [0x0000000082800000, 0x0000000100000000)
  region size 1024K, 19 young (19456K), 2 survivors (2048K)
 Metaspace       used 68130K, committed 68800K, reserved 1114112K
  class space    used 9097K, committed 9408K, reserved 1048576K
}
Event: 29.319 GC heap after
{Heap after GC invocations=17 (full 0):
 garbage-first heap   total 61440K, used 29677K [0x0000000082800000, 0x0000000100000000)
  region size 1024K, 2 young (2048K), 2 survivors (2048K)
 Metaspace       used 68130K, committed 68800K, reserved 1114112K
  class space    used 9097K, committed 9408K, reserved 1048576K
}
Event: 374.180 GC heap before
{Heap before GC invocations=18 (full 0):
 garbage-first heap   total 61440K, used 53229K [0x0000000082800000, 0x0000000100000000)
  region size 1024K, 26 young (26624K), 2 survivors (2048K)
 Metaspace       used 72335K, committed 73024K, reserved 1114112K
  class space    used 9644K, committed 9984K, reserved 1048576K
}
Event: 374.184 GC heap after
{Heap after GC invocations=19 (full 0):
 garbage-first heap   total 61440K, used 30575K [0x0000000082800000, 0x0000000100000000)
  region size 1024K, 3 young (3072K), 3 survivors (3072K)
 Metaspace       used 72335K, committed 73024K, reserved 1114112K
  class space    used 9644K, committed 9984K, reserved 1048576K
}
Event: 1302.403 GC heap before
{Heap before GC invocations=19 (full 0):
 garbage-first heap   total 61440K, used 54127K [0x0000000082800000, 0x0000000100000000)
  region size 1024K, 26 young (26624K), 3 survivors (3072K)
 Metaspace       used 72416K, committed 73152K, reserved 1114112K
  class space    used 9644K, committed 9984K, reserved 1048576K
}
Event: 1302.408 GC heap after
{Heap after GC invocations=20 (full 0):
 garbage-first heap   total 61440K, used 30372K [0x0000000082800000, 0x0000000100000000)
  region size 1024K, 2 young (2048K), 2 survivors (2048K)
 Metaspace       used 72416K, committed 73152K, reserved 1114112K
  class space    used 9644K, committed 9984K, reserved 1048576K
}
Event: 1875.654 GC heap before
{Heap before GC invocations=20 (full 0):
 garbage-first heap   total 61440K, used 54948K [0x0000000082800000, 0x0000000100000000)
  region size 1024K, 26 young (26624K), 2 survivors (2048K)
 Metaspace       used 73200K, committed 73920K, reserved 1114112K
  class space    used 9660K, committed 9984K, reserved 1048576K
}
Event: 1875.657 GC heap after
{Heap after GC invocations=21 (full 0):
 garbage-first heap   total 61440K, used 30973K [0x0000000082800000, 0x0000000100000000)
  region size 1024K, 2 young (2048K), 2 survivors (2048K)
 Metaspace       used 73200K, committed 73920K, reserved 1114112K
  class space    used 9660K, committed 9984K, reserved 1048576K
}
Event: 2779.323 GC heap before
{Heap before GC invocations=22 (full 0):
 garbage-first heap   total 61440K, used 55549K [0x0000000082800000, 0x0000000100000000)
  region size 1024K, 26 young (26624K), 2 survivors (2048K)
 Metaspace       used 73353K, committed 74112K, reserved 1114112K
  class space    used 9659K, committed 9984K, reserved 1048576K
}
Event: 2779.326 GC heap after
{Heap after GC invocations=23 (full 0):
 garbage-first heap   total 61440K, used 30956K [0x0000000082800000, 0x0000000100000000)
  region size 1024K, 2 young (2048K), 2 survivors (2048K)
 Metaspace       used 73353K, committed 74112K, reserved 1114112K
  class space    used 9659K, committed 9984K, reserved 1048576K
}

